D:\KR\TETRIS\TETRIS\DEBUG\MAIN.OBJ
D:\KR\TETRIS\TETRIS\DEBUG\VC110.PDB
D:\KR\TETRIS\TETRIS\DEBUG\BLOCK_TYPES.OBJ
D:\KR\TETRIS\TETRIS\DEBUG\FUNC.OBJ
D:\KR\TETRIS\DEBUG\TETRIS.ILK
D:\KR\TETRIS\DEBUG\TETRIS.EXE
D:\KR\TETRIS\DEBUG\TETRIS.PDB
D:\KR\Tetris\Tetris\Debug\block_types.obj
D:\KR\Tetris\Tetris\Debug\func.obj
D:\KR\Tetris\Tetris\Debug\cl.command.1.tlog
D:\KR\Tetris\Tetris\Debug\CL.read.1.tlog
D:\KR\Tetris\Tetris\Debug\CL.write.1.tlog
D:\KR\Tetris\Tetris\Debug\link-cvtres.read.1.tlog
D:\KR\Tetris\Tetris\Debug\link-cvtres.write.1.tlog
D:\KR\Tetris\Tetris\Debug\link-rc.read.1.tlog
D:\KR\Tetris\Tetris\Debug\link-rc.write.1.tlog
D:\KR\Tetris\Tetris\Debug\link.1368-cvtres.read.1.tlog
D:\KR\Tetris\Tetris\Debug\link.1368-cvtres.write.1.tlog
D:\KR\Tetris\Tetris\Debug\link.1368-rc.read.1.tlog
D:\KR\Tetris\Tetris\Debug\link.1368-rc.write.1.tlog
D:\KR\Tetris\Tetris\Debug\link.1368.read.1.tlog
D:\KR\Tetris\Tetris\Debug\link.1368.write.1.tlog
D:\KR\Tetris\Tetris\Debug\link.1420-cvtres.read.1.tlog
D:\KR\Tetris\Tetris\Debug\link.1420-cvtres.write.1.tlog
D:\KR\Tetris\Tetris\Debug\link.1420-rc.read.1.tlog
D:\KR\Tetris\Tetris\Debug\link.1420-rc.write.1.tlog
D:\KR\Tetris\Tetris\Debug\link.1420.read.1.tlog
D:\KR\Tetris\Tetris\Debug\link.1420.write.1.tlog
D:\KR\Tetris\Tetris\Debug\link.2412-cvtres.read.1.tlog
D:\KR\Tetris\Tetris\Debug\link.2412-cvtres.write.1.tlog
D:\KR\Tetris\Tetris\Debug\link.2412-rc.read.1.tlog
D:\KR\Tetris\Tetris\Debug\link.2412-rc.write.1.tlog
D:\KR\Tetris\Tetris\Debug\link.2412.read.1.tlog
D:\KR\Tetris\Tetris\Debug\link.2412.write.1.tlog
D:\KR\Tetris\Tetris\Debug\link.3556-cvtres.read.1.tlog
D:\KR\Tetris\Tetris\Debug\link.3556-cvtres.write.1.tlog
D:\KR\Tetris\Tetris\Debug\link.3556-rc.read.1.tlog
D:\KR\Tetris\Tetris\Debug\link.3556-rc.write.1.tlog
D:\KR\Tetris\Tetris\Debug\link.3556.read.1.tlog
D:\KR\Tetris\Tetris\Debug\link.3556.write.1.tlog
D:\KR\Tetris\Tetris\Debug\link.4180-cvtres.read.1.tlog
D:\KR\Tetris\Tetris\Debug\link.4180-cvtres.write.1.tlog
D:\KR\Tetris\Tetris\Debug\link.4180-rc.read.1.tlog
D:\KR\Tetris\Tetris\Debug\link.4180-rc.write.1.tlog
D:\KR\Tetris\Tetris\Debug\link.4180.read.1.tlog
D:\KR\Tetris\Tetris\Debug\link.4180.write.1.tlog
D:\KR\Tetris\Tetris\Debug\link.4300-cvtres.read.1.tlog
D:\KR\Tetris\Tetris\Debug\link.4300-cvtres.write.1.tlog
D:\KR\Tetris\Tetris\Debug\link.4300-rc.read.1.tlog
D:\KR\Tetris\Tetris\Debug\link.4300-rc.write.1.tlog
D:\KR\Tetris\Tetris\Debug\link.4300.read.1.tlog
D:\KR\Tetris\Tetris\Debug\link.4300.write.1.tlog
D:\KR\Tetris\Tetris\Debug\link.4700-cvtres.read.1.tlog
D:\KR\Tetris\Tetris\Debug\link.4700-cvtres.write.1.tlog
D:\KR\Tetris\Tetris\Debug\link.4700-rc.read.1.tlog
D:\KR\Tetris\Tetris\Debug\link.4700-rc.write.1.tlog
D:\KR\Tetris\Tetris\Debug\link.4700.read.1.tlog
D:\KR\Tetris\Tetris\Debug\link.4700.write.1.tlog
D:\KR\Tetris\Tetris\Debug\link.4776-cvtres.read.1.tlog
D:\KR\Tetris\Tetris\Debug\link.4776-cvtres.write.1.tlog
D:\KR\Tetris\Tetris\Debug\link.4776-rc.read.1.tlog
D:\KR\Tetris\Tetris\Debug\link.4776-rc.write.1.tlog
D:\KR\Tetris\Tetris\Debug\link.4776.read.1.tlog
D:\KR\Tetris\Tetris\Debug\link.4776.write.1.tlog
D:\KR\Tetris\Tetris\Debug\link.5264-cvtres.read.1.tlog
D:\KR\Tetris\Tetris\Debug\link.5264-cvtres.write.1.tlog
D:\KR\Tetris\Tetris\Debug\link.5264-rc.read.1.tlog
D:\KR\Tetris\Tetris\Debug\link.5264-rc.write.1.tlog
D:\KR\Tetris\Tetris\Debug\link.5264.read.1.tlog
D:\KR\Tetris\Tetris\Debug\link.5264.write.1.tlog
D:\KR\Tetris\Tetris\Debug\link.5500-cvtres.read.1.tlog
D:\KR\Tetris\Tetris\Debug\link.5500-cvtres.write.1.tlog
D:\KR\Tetris\Tetris\Debug\link.5500-rc.read.1.tlog
D:\KR\Tetris\Tetris\Debug\link.5500-rc.write.1.tlog
D:\KR\Tetris\Tetris\Debug\link.5500.read.1.tlog
D:\KR\Tetris\Tetris\Debug\link.5500.write.1.tlog
D:\KR\Tetris\Tetris\Debug\link.5588-cvtres.read.1.tlog
D:\KR\Tetris\Tetris\Debug\link.5588-cvtres.write.1.tlog
D:\KR\Tetris\Tetris\Debug\link.5588-rc.read.1.tlog
D:\KR\Tetris\Tetris\Debug\link.5588-rc.write.1.tlog
D:\KR\Tetris\Tetris\Debug\link.5588.read.1.tlog
D:\KR\Tetris\Tetris\Debug\link.5588.write.1.tlog
D:\KR\Tetris\Tetris\Debug\link.5864-cvtres.read.1.tlog
D:\KR\Tetris\Tetris\Debug\link.5864-cvtres.write.1.tlog
D:\KR\Tetris\Tetris\Debug\link.5864-rc.read.1.tlog
D:\KR\Tetris\Tetris\Debug\link.5864-rc.write.1.tlog
D:\KR\Tetris\Tetris\Debug\link.5864.read.1.tlog
D:\KR\Tetris\Tetris\Debug\link.5864.write.1.tlog
D:\KR\Tetris\Tetris\Debug\link.5928-cvtres.read.1.tlog
D:\KR\Tetris\Tetris\Debug\link.5928-cvtres.write.1.tlog
D:\KR\Tetris\Tetris\Debug\link.5928-rc.read.1.tlog
D:\KR\Tetris\Tetris\Debug\link.5928-rc.write.1.tlog
D:\KR\Tetris\Tetris\Debug\link.5928.read.1.tlog
D:\KR\Tetris\Tetris\Debug\link.5928.write.1.tlog
D:\KR\Tetris\Tetris\Debug\link.5964-cvtres.read.1.tlog
D:\KR\Tetris\Tetris\Debug\link.5964-cvtres.write.1.tlog
D:\KR\Tetris\Tetris\Debug\link.5964-rc.read.1.tlog
D:\KR\Tetris\Tetris\Debug\link.5964-rc.write.1.tlog
D:\KR\Tetris\Tetris\Debug\link.5964.read.1.tlog
D:\KR\Tetris\Tetris\Debug\link.5964.write.1.tlog
D:\KR\Tetris\Tetris\Debug\link.6064-cvtres.read.1.tlog
D:\KR\Tetris\Tetris\Debug\link.6064-cvtres.write.1.tlog
D:\KR\Tetris\Tetris\Debug\link.6064-rc.read.1.tlog
D:\KR\Tetris\Tetris\Debug\link.6064-rc.write.1.tlog
D:\KR\Tetris\Tetris\Debug\link.6064.read.1.tlog
D:\KR\Tetris\Tetris\Debug\link.6064.write.1.tlog
D:\KR\Tetris\Tetris\Debug\link.command.1.tlog
D:\KR\Tetris\Tetris\Debug\link.read.1.tlog
D:\KR\Tetris\Tetris\Debug\link.write.1.tlog
D:\KR\Tetris\Tetris\Debug\vc110.idb
D:\KR\Tetris\Tetris\Debug\vc110.pdb
D:\KR\Tetris\Debug\Tetris.pdb
D:\KR\Tetris\Debug\Tetris.exe
D:\KR\Tetris\Debug\Tetris.ilk
