D:\KR\TETRIS\TETRIS\RELEASE\MAIN.OBJ
D:\KR\TETRIS\TETRIS\RELEASE\FUNC.OBJ
D:\KR\TETRIS\TETRIS\RELEASE\DRAW.OBJ
D:\KR\TETRIS\TETRIS\RELEASE\BLOCK_TYPES.OBJ
D:\KR\TETRIS\TETRIS\RELEASE\VC110.PDB
D:\KR\TETRIS\RELEASE\TETRIS.EXE
D:\KR\TETRIS\RELEASE\TETRIS.PDB
D:\KR\Tetris\Tetris\Release\block_types.obj
D:\KR\Tetris\Tetris\Release\draw.obj
D:\KR\Tetris\Tetris\Release\func.obj
D:\KR\Tetris\Tetris\Release\main.obj
D:\KR\Tetris\Tetris\Release\cl.command.1.tlog
D:\KR\Tetris\Tetris\Release\CL.read.1.tlog
D:\KR\Tetris\Tetris\Release\CL.write.1.tlog
D:\KR\Tetris\Tetris\Release\link-cvtres.read.1.tlog
D:\KR\Tetris\Tetris\Release\link-cvtres.write.1.tlog
D:\KR\Tetris\Tetris\Release\link-rc.read.1.tlog
D:\KR\Tetris\Tetris\Release\link-rc.write.1.tlog
D:\KR\Tetris\Tetris\Release\link.command.1.tlog
D:\KR\Tetris\Tetris\Release\link.read.1.tlog
D:\KR\Tetris\Tetris\Release\link.write.1.tlog
D:\KR\Tetris\Tetris\Release\vc110.pdb
D:\KR\Tetris\Release\Tetris.pdb
D:\KR\Tetris\Release\Tetris.exe
